{"level":"info","msg":"Register Merchant With Name Toko Minuman Sehat","time":"2023-06-29T07:41:50+07:00"}
{"level":"info","msg":"View history merchant id: 2RnE5mGxFZNt6r9QxqCc7993bfE","time":"2023-06-29T07:43:17+07:00"}
{"level":"info","msg":"Toko Minuman Sehat Has Login","time":"2023-06-29T07:43:52+07:00"}
{"level":"info","msg":"View history merchant id: 2RrDT2sR2OoBwrpuQNdKPJkaJRB","time":"2023-06-29T07:43:57+07:00"}
{"level":"info","msg":"View history merchant id: 2RrDT2sR2OoBwrpuQNdKPJkaJRB","time":"2023-06-29T07:45:33+07:00"}
{"level":"info","msg":"Toko Minuman Sehat Has Viewed the Profile","time":"2023-06-29T07:45:48+07:00"}
{"level":"info","msg":"Edit Merchant With MerchantID = 2RrDT2sR2OoBwrpuQNdKPJkaJRB","time":"2023-06-29T07:46:18+07:00"}
{"level":"info","msg":"Toko Minuman Jahe Has Viewed the Profile","time":"2023-06-29T07:46:23+07:00"}
{"level":"info","msg":"Toko Minuman Jahe Has Delete Account Merchant","time":"2023-06-29T07:47:12+07:00"}
{"level":"info","msg":"userId: 2RrDT2sR2OoBwrpuQNdKPJkaJRB Has add new data bank","time":"2023-06-29T07:48:21+07:00"}
{"level":"info","msg":"Toko Minuman Sehat Has Logout","time":"2023-06-29T07:49:45+07:00"}
{"level":"info","msg":"Toko Minuman Jahe Has Login","time":"2023-06-29T07:51:54+07:00"}
{"level":"info","msg":"view product with ID merchant = 2RrDT2sR2OoBwrpuQNdKPJkaJRB","time":"2023-06-29T07:52:02+07:00"}
{"level":"info","msg":"add product with ID merchant = 2RrDT2sR2OoBwrpuQNdKPJkaJRB","time":"2023-06-29T07:53:30+07:00"}
{"level":"info","msg":"view product with ID merchant = 2RrDT2sR2OoBwrpuQNdKPJkaJRB","time":"2023-06-29T07:53:35+07:00"}
{"level":"info","msg":"view product with ID merchant = 2RrDT2sR2OoBwrpuQNdKPJkaJRB","time":"2023-06-29T07:53:53+07:00"}
{"level":"info","msg":"edi product with id merchant = 2RrDT2sR2OoBwrpuQNdKPJkaJRB","time":"2023-06-29T07:54:56+07:00"}
{"level":"info","msg":"view product with ID merchant = 2RrDT2sR2OoBwrpuQNdKPJkaJRB","time":"2023-06-29T07:55:02+07:00"}
{"level":"info","msg":"add product with ID merchant = 2RrDT2sR2OoBwrpuQNdKPJkaJRB","time":"2023-06-29T07:55:52+07:00"}
{"level":"info","msg":"add product with ID merchant = 2RrDT2sR2OoBwrpuQNdKPJkaJRB","time":"2023-06-29T07:56:01+07:00"}
{"level":"info","msg":"View history merchant id: 2RrDT2sR2OoBwrpuQNdKPJkaJRB","time":"2023-06-29T08:00:25+07:00"}
{"level":"info","msg":"userId: 2RrPGAjlcxmpEiRtPKBnvxIaRLQ Has create new customer account ","time":"2023-06-29T09:18:48+07:00"}
{"level":"info","msg":"Chauzar Has Login","time":"2023-06-29T09:19:18+07:00"}
{"level":"info","msg":"Chauzar Has Login","time":"2023-06-29T09:21:11+07:00"}
{"level":"info","msg":"userId: 2RrPGAjlcxmpEiRtPKBnvxIaRLQ Has view the profile ","time":"2023-06-29T09:21:38+07:00"}
{"level":"info","msg":"userId: 2RkiOStgOeuxKfbDt4WHEYKBa1f Has view the profile ","time":"2023-06-29T09:21:46+07:00"}
{"level":"info","msg":"userId: 2RrPGAjlcxmpEiRtPKBnvxIaRLQ Has view the profile ","time":"2023-06-29T09:21:54+07:00"}
{"level":"info","msg":"userId: 2RrPGAjlcxmpEiRtPKBnvxIaRLQ Has edit data profile","time":"2023-06-29T09:22:15+07:00"}
{"level":"info","msg":"View history customer id: 2RrPGAjlcxmpEiRtPKBnvxIaRLQ","time":"2023-06-29T09:30:42+07:00"}
{"level":"info","msg":"Vanneeza Has Login","time":"2023-06-29T09:34:37+07:00"}
{"level":"info","msg":"Toko Minuman Jahe Has Login","time":"2023-06-29T09:35:25+07:00"}
{"level":"info","msg":"Toko Minuman Jahe Has Logout","time":"2023-06-29T09:35:29+07:00"}
{"level":"info","msg":"Vanneeza Has Login","time":"2023-06-29T09:36:45+07:00"}
{"level":"info","msg":"Vanneeza Has Logout","time":"2023-06-29T09:36:49+07:00"}
{"level":"info","msg":"Vanneeza Has Login","time":"2023-06-29T09:37:53+07:00"}
{"level":"info","msg":"View history customer id: 2RrPGAjlcxmpEiRtPKBnvxIaRLQ","time":"2023-06-29T09:37:56+07:00"}
{"level":"info","msg":"userId: 2RrPGAjlcxmpEiRtPKBnvxIaRLQ Has view the profile ","time":"2023-06-29T09:41:37+07:00"}
{"level":"info","msg":"userId: 2RrPGAjlcxmpEiRtPKBnvxIaRLQ Has edit data profile","time":"2023-06-29T09:42:15+07:00"}
{"level":"info","msg":"userId: 2RrPGAjlcxmpEiRtPKBnvxIaRLQ Has delete account ","time":"2023-06-29T09:44:13+07:00"}
{"level":"info","msg":"View history customer id: 2RrPGAjlcxmpEiRtPKBnvxIaRLQ","time":"2023-06-29T09:44:50+07:00"}
{"level":"info","msg":"userId: 2RrPGAjlcxmpEiRtPKBnvxIaRLQ Has view the profile ","time":"2023-06-29T09:47:57+07:00"}
{"level":"info","msg":"userId: 2RrPGAjlcxmpEiRtPKBnvxIaRLQ Has create the order","time":"2023-06-29T09:50:10+07:00"}
{"level":"info","msg":"View history customer id: 2RrPGAjlcxmpEiRtPKBnvxIaRLQ","time":"2023-06-29T09:50:55+07:00"}
{"level":"info","msg":"userId: 2RrPGAjlcxmpEiRtPKBnvxIaRLQ Has create the payment","time":"2023-06-29T09:52:04+07:00"}
{"level":"info","msg":"Toko Minuman Jahe Has Login","time":"2023-06-30T09:05:19+07:00"}
{"level":"info","msg":"View Activity merchant id: 2RrDT2sR2OoBwrpuQNdKPJkaJRB","time":"2023-06-30T09:05:27+07:00"}
{"level":"info","msg":"View Activity merchant id: 2RrDT2sR2OoBwrpuQNdKPJkaJRB","time":"2023-06-30T09:06:03+07:00"}
{"level":"info","msg":"View transaction history merchant id: 2RrDT2sR2OoBwrpuQNdKPJkaJRB","time":"2023-06-30T09:06:07+07:00"}
{"level":"info","msg":"View transaction history merchant id: 2RrDT2sR2OoBwrpuQNdKPJkaJRB","time":"2023-06-30T09:07:26+07:00"}
{"level":"info","msg":"View transaction history merchant id: 2RrDT2sR2OoBwrpuQNdKPJkaJRB","time":"2023-06-30T09:07:48+07:00"}
{"level":"info","msg":"Toko Minuman Jahe Has Logout","time":"2023-06-30T09:07:57+07:00"}
{"level":"info","msg":"Toko Makanan Sehat Has Login","time":"2023-06-30T09:08:11+07:00"}
{"level":"info","msg":"View Activity merchant id: 2RqiXKQGNxf4ZkFRSDU1U5FAlEO","time":"2023-06-30T09:08:16+07:00"}
{"level":"info","msg":"View transaction history merchant id: 2RqiXKQGNxf4ZkFRSDU1U5FAlEO","time":"2023-06-30T09:08:26+07:00"}
{"level":"info","msg":"Toko Makanan Sehat Has Logout","time":"2023-06-30T09:13:16+07:00"}
{"level":"info","msg":"userId: 2RuDrJm5hPZ8ecF3nyFdxDs9rgr Has create new customer account ","time":"2023-06-30T09:14:29+07:00"}
{"level":"info","msg":"Vanneeza Has Login","time":"2023-06-30T09:19:16+07:00"}
{"level":"info","msg":"View history customer id: 2RrPGAjlcxmpEiRtPKBnvxIaRLQ","time":"2023-06-30T09:19:28+07:00"}
{"level":"info","msg":"userId: 2RrPGAjlcxmpEiRtPKBnvxIaRLQ Has view the profile ","time":"2023-06-30T09:20:11+07:00"}
{"level":"info","msg":"View history customer id: 2RrPGAjlcxmpEiRtPKBnvxIaRLQ","time":"2023-06-30T09:39:34+07:00"}
{"level":"info","msg":"View history customer id: 2RrPGAjlcxmpEiRtPKBnvxIaRLQ","time":"2023-06-30T09:40:20+07:00"}
{"level":"info","msg":"View transaction history customer id: 2RrPGAjlcxmpEiRtPKBnvxIaRLQ","time":"2023-06-30T09:41:34+07:00"}
{"level":"info","msg":"userId: 2RrPGAjlcxmpEiRtPKBnvxIaRLQ Has create the order","time":"2023-06-30T09:42:08+07:00"}
{"level":"info","msg":"View transaction history customer id: 2RrPGAjlcxmpEiRtPKBnvxIaRLQ","time":"2023-06-30T09:42:20+07:00"}
{"level":"info","msg":"userId: 2RrPGAjlcxmpEiRtPKBnvxIaRLQ Has create the payment","time":"2023-06-30T09:43:45+07:00"}
{"level":"info","msg":"View transaction history customer id: 2RrPGAjlcxmpEiRtPKBnvxIaRLQ","time":"2023-06-30T09:44:01+07:00"}
{"level":"info","msg":"View transaction history customer id: 2RrPGAjlcxmpEiRtPKBnvxIaRLQ","time":"2023-06-30T09:45:40+07:00"}
{"level":"info","msg":"Vanneeza Has Logout","time":"2023-06-30T09:45:52+07:00"}
{"level":"info","msg":"Toko Minuman Jahe Has Login","time":"2023-06-30T09:46:56+07:00"}
{"level":"info","msg":"View transaction history merchant id: 2RrDT2sR2OoBwrpuQNdKPJkaJRB","time":"2023-06-30T09:47:05+07:00"}
{"level":"info","msg":"Toko Minuman Jahe Has Logout","time":"2023-06-30T10:12:25+07:00"}
{"level":"info","msg":"Toko Minuman Jahe Has Login","time":"2023-06-30T10:12:36+07:00"}
{"level":"info","msg":"Toko Minuman Jahe Has Logout","time":"2023-06-30T10:12:41+07:00"}
{"level":"info","msg":"Vanneeza Has Login","time":"2023-06-30T10:13:05+07:00"}
{"error":"json: cannot unmarshal number 150 into Go struct field OrderCreateRequest.qty of type int8","level":"error","msg":"userId: 2RrPGAjlcxmpEiRtPKBnvxIaRLQ","time":"2023-06-30T10:14:21+07:00"}
{"error":"json: cannot unmarshal number 150 into Go struct field OrderCreateRequest.qty of type int8","level":"error","msg":"userId: 2RrPGAjlcxmpEiRtPKBnvxIaRLQ","time":"2023-06-30T10:14:33+07:00"}
{"error":"json: cannot unmarshal number 343 into Go struct field OrderCreateRequest.qty of type int8","level":"error","msg":"userId: 2RrPGAjlcxmpEiRtPKBnvxIaRLQ","time":"2023-06-30T10:14:40+07:00"}
{"level":"info","msg":"userId: 2RrPGAjlcxmpEiRtPKBnvxIaRLQ Has create the order","time":"2023-06-30T10:15:23+07:00"}
{"error":"failed to create order","level":"error","msg":"userId: 2RrPGAjlcxmpEiRtPKBnvxIaRLQ","time":"2023-06-30T10:15:42+07:00"}
{"error":"failed to create order","level":"error","msg":"userId: 2RrPGAjlcxmpEiRtPKBnvxIaRLQ","time":"2023-06-30T10:16:00+07:00"}
{"error":"json: cannot unmarshal string into Go struct field OrderCreateRequest.qty of type int8","level":"error","msg":"userId: 2RrPGAjlcxmpEiRtPKBnvxIaRLQ","time":"2023-06-30T10:24:59+07:00"}
{"error":"json: cannot unmarshal string into Go struct field OrderCreateRequest.qty of type int8","level":"error","msg":"userId: 2RrPGAjlcxmpEiRtPKBnvxIaRLQ","time":"2023-06-30T10:26:48+07:00"}
{"error":"json: cannot unmarshal string into Go struct field OrderCreateRequest.qty of type int8","level":"error","msg":"userId: 2RrPGAjlcxmpEiRtPKBnvxIaRLQ","time":"2023-06-30T10:26:58+07:00"}
{"error":"json: cannot unmarshal string into Go struct field OrderCreateRequest.qty of type int8","level":"error","msg":"userId: 2RrPGAjlcxmpEiRtPKBnvxIaRLQ","time":"2023-06-30T10:27:09+07:00"}
{"error":"json: cannot unmarshal string into Go struct field OrderCreateRequest.qty of type int8","level":"error","msg":"userId: 2RrPGAjlcxmpEiRtPKBnvxIaRLQ","time":"2023-06-30T10:27:11+07:00"}
{"error":"json: cannot unmarshal string into Go struct field OrderCreateRequest.qty of type int8","level":"error","msg":"userId: 2RrPGAjlcxmpEiRtPKBnvxIaRLQ","time":"2023-06-30T10:27:12+07:00"}
{"error":"json: cannot unmarshal number 323343342 into Go struct field OrderCreateRequest.qty of type int8","level":"error","msg":"userId: 2RrPGAjlcxmpEiRtPKBnvxIaRLQ","time":"2023-06-30T10:27:19+07:00"}
{"level":"info","msg":"userId: 2RrPGAjlcxmpEiRtPKBnvxIaRLQ Has create the order","time":"2023-06-30T10:27:45+07:00"}
{"error":"product is not found","level":"error","msg":"userId: 2RrPGAjlcxmpEiRtPKBnvxIaRLQ","time":"2023-06-30T10:30:25+07:00"}
{"error":"product is not found","level":"error","msg":"userId: 2RrPGAjlcxmpEiRtPKBnvxIaRLQ","time":"2023-06-30T10:30:29+07:00"}
{"error":"failed to create order","level":"error","msg":"userId: 2RrPGAjlcxmpEiRtPKBnvxIaRLQ","time":"2023-06-30T10:30:40+07:00"}
{"error":"failed to create order","level":"error","msg":"userId: 2RrPGAjlcxmpEiRtPKBnvxIaRLQ","time":"2023-06-30T10:30:47+07:00"}
{"error":"failed to create order","level":"error","msg":"userId: 2RrPGAjlcxmpEiRtPKBnvxIaRLQ","time":"2023-06-30T10:31:07+07:00"}
{"level":"info","msg":"userId: 2RrPGAjlcxmpEiRtPKBnvxIaRLQ Has create the order","time":"2023-06-30T10:35:34+07:00"}
{"error":"unexpected end of JSON input","level":"error","msg":"userId: 2RrPGAjlcxmpEiRtPKBnvxIaRLQ","time":"2023-06-30T10:36:14+07:00"}
{"error":"unexpected end of JSON input","level":"error","msg":"userId: 2RrPGAjlcxmpEiRtPKBnvxIaRLQ","time":"2023-06-30T10:36:23+07:00"}
{"error":"unexpected end of JSON input","level":"error","msg":"userId: 2RrPGAjlcxmpEiRtPKBnvxIaRLQ","time":"2023-06-30T10:36:33+07:00"}
{"level":"info","msg":"userId: 2RrPGAjlcxmpEiRtPKBnvxIaRLQ Has create the payment","time":"2023-06-30T10:37:02+07:00"}
{"level":"info","msg":"userId: 2RrPGAjlcxmpEiRtPKBnvxIaRLQ Has create the payment","time":"2023-06-30T10:59:03+07:00"}
{"error":"failed to payment","level":"error","msg":"userId: 2RrPGAjlcxmpEiRtPKBnvxIaRLQ","time":"2023-06-30T10:59:52+07:00"}
{"level":"info","msg":"userId: 2RrPGAjlcxmpEiRtPKBnvxIaRLQ Has create the payment","time":"2023-06-30T10:59:57+07:00"}
{"level":"info","msg":"userId: 2RrPGAjlcxmpEiRtPKBnvxIaRLQ Has create the payment","time":"2023-06-30T11:00:25+07:00"}
{"error":"unexpected end of JSON input","level":"error","msg":"userId: 2RrPGAjlcxmpEiRtPKBnvxIaRLQ","time":"2023-06-30T11:00:30+07:00"}
{"error":"unexpected end of JSON input","level":"error","msg":"userId: 2RrPGAjlcxmpEiRtPKBnvxIaRLQ","time":"2023-06-30T11:00:44+07:00"}
{"level":"info","msg":"userId: 2RrPGAjlcxmpEiRtPKBnvxIaRLQ Has create the payment","time":"2023-06-30T11:01:07+07:00"}
{"level":"info","msg":"userId: 2RrPGAjlcxmpEiRtPKBnvxIaRLQ Has create the payment","time":"2023-06-30T11:01:43+07:00"}
{"level":"info","msg":"userId: 2RrPGAjlcxmpEiRtPKBnvxIaRLQ Has create the payment","time":"2023-06-30T11:02:09+07:00"}
{"level":"info","msg":"userId: 2RrPGAjlcxmpEiRtPKBnvxIaRLQ Has create the payment","time":"2023-06-30T11:02:20+07:00"}
{"level":"info","msg":"userId: 2RrPGAjlcxmpEiRtPKBnvxIaRLQ Has create the order","time":"2023-06-30T11:02:33+07:00"}
{"error":"failed to payment","level":"error","msg":"userId: 2RrPGAjlcxmpEiRtPKBnvxIaRLQ","time":"2023-06-30T11:02:57+07:00"}
{"level":"info","msg":"userId: 2RrPGAjlcxmpEiRtPKBnvxIaRLQ Has create the payment","time":"2023-06-30T11:03:06+07:00"}
{"level":"info","msg":"userId: 2RrPGAjlcxmpEiRtPKBnvxIaRLQ Has create the payment","time":"2023-06-30T11:03:20+07:00"}
{"error":"order is not found","level":"error","msg":"userId: 2RrPGAjlcxmpEiRtPKBnvxIaRLQ","time":"2023-06-30T11:06:33+07:00"}
{"error":"the money is not enough","level":"error","msg":"userId: 2RrPGAjlcxmpEiRtPKBnvxIaRLQ","time":"2023-06-30T11:06:42+07:00"}
{"error":"failed to payment","level":"error","msg":"userId: 2RrPGAjlcxmpEiRtPKBnvxIaRLQ","time":"2023-06-30T11:06:49+07:00"}
{"error":"bank admin is not found","level":"error","msg":"userId: 2RrPGAjlcxmpEiRtPKBnvxIaRLQ","time":"2023-06-30T11:06:53+07:00"}
{"level":"info","msg":"userId: 2RrPGAjlcxmpEiRtPKBnvxIaRLQ Has create the payment","time":"2023-06-30T11:07:24+07:00"}
{"level":"info","msg":"Vanneeza Has Login","time":"2023-06-30T11:13:28+07:00"}
{"level":"info","msg":"userId: 2RrPGAjlcxmpEiRtPKBnvxIaRLQ Has create the payment","time":"2023-06-30T11:13:31+07:00"}
{"level":"info","msg":"Welly Has Login","time":"2023-06-30T11:31:07+07:00"}
{"level":"info","msg":"Welly Has Logout","time":"2023-06-30T11:31:47+07:00"}
{"level":"info","msg":"Welly Has Login","time":"2023-06-30T11:33:16+07:00"}
{"level":"info","msg":"Welly Has Logout","time":"2023-06-30T11:33:20+07:00"}
{"level":"info","msg":"Vanneeza Has Login","time":"2023-06-30T11:34:08+07:00"}
{"level":"info","msg":"Vanneeza Has Logout","time":"2023-06-30T11:34:14+07:00"}
{"error":null,"level":"error","msg":"userID: ","time":"2023-06-30T11:43:54+07:00"}
{"error":null,"level":"error","msg":"userID: ","time":"2023-06-30T11:51:47+07:00"}
{"level":"info","msg":"Toko Makanan Sehat Has Login","time":"2023-06-30T11:51:47+07:00"}
{"level":"info","msg":"Toko Makanan Sehat Has Logout","time":"2023-06-30T11:54:13+07:00"}
{"error":null,"level":"error","msg":"userID: ","time":"2023-06-30T11:54:31+07:00"}
{"error":null,"level":"error","msg":"userID: ","time":"2023-06-30T11:55:54+07:00"}
{"error":null,"level":"error","msg":"userID: ","time":"2023-06-30T12:03:35+07:00"}
{"level":"info","msg":"Toko Makanan Sehat Has Login","time":"2023-06-30T12:03:35+07:00"}
{"level":"info","msg":"Toko Makanan Sehat Has Logout","time":"2023-06-30T12:03:46+07:00"}
{"error":null,"level":"error","msg":"userID: ","time":"2023-06-30T12:04:19+07:00"}
{"error":null,"level":"error","msg":"userID: ","time":"2023-06-30T12:06:09+07:00"}
{"level":"info","msg":"Vanneeza Has Login","time":"2023-06-30T12:06:09+07:00"}
{"level":"info","msg":"Vanneeza Has Logout","time":"2023-06-30T12:06:17+07:00"}
{"error":null,"level":"error","msg":"userID: ","time":"2023-06-30T12:06:32+07:00"}
{"error":null,"level":"error","msg":"userID: ","time":"2023-06-30T12:06:38+07:00"}
{"error":null,"level":"error","msg":"userID: ","time":"2023-06-30T12:06:38+07:00"}
{"error":null,"level":"error","msg":"userID: ","time":"2023-06-30T12:06:43+07:00"}
{"error":null,"level":"error","msg":"userID: ","time":"2023-06-30T12:06:43+07:00"}
{"error":null,"level":"error","msg":"userID: ","time":"2023-06-30T12:07:18+07:00"}
{"error":null,"level":"error","msg":"userID: ","time":"2023-06-30T12:07:19+07:00"}
{"error":null,"level":"error","msg":"userID: ","time":"2023-06-30T12:09:28+07:00"}
{"error":null,"level":"error","msg":"userID: ","time":"2023-06-30T12:09:28+07:00"}
{"error":null,"level":"error","msg":"userID: ","time":"2023-06-30T12:10:04+07:00"}
{"error":null,"level":"error","msg":"userID: ","time":"2023-06-30T12:10:04+07:00"}
{"error":null,"level":"error","msg":"userID: ","time":"2023-06-30T12:11:48+07:00"}
{"level":"info","msg":"Vanneeza Has Login","time":"2023-06-30T12:11:48+07:00"}
{"level":"info","msg":"Vanneeza Has Logout","time":"2023-06-30T12:12:48+07:00"}
{"error":null,"level":"error","msg":"userID: ","time":"2023-06-30T12:12:53+07:00"}
{"error":null,"level":"error","msg":"userID: ","time":"2023-06-30T12:12:53+07:00"}
{"error":null,"level":"error","msg":"userID: ","time":"2023-06-30T12:13:14+07:00"}
{"error":null,"level":"error","msg":"userID: ","time":"2023-06-30T12:13:14+07:00"}
{"error":null,"level":"error","msg":"userID: ","time":"2023-06-30T12:13:32+07:00"}
{"error":null,"level":"error","msg":"userID: ","time":"2023-06-30T12:13:32+07:00"}
{"error":null,"level":"error","msg":"userID: ","time":"2023-06-30T12:14:46+07:00"}
{"level":"info","msg":"Toko Makanan Sehat Has Login","time":"2023-06-30T12:14:47+07:00"}
{"level":"info","msg":"Toko Makanan Sehat Has Logout","time":"2023-06-30T12:14:56+07:00"}
{"error":null,"level":"error","msg":"userID: ","time":"2023-06-30T12:15:06+07:00"}
{"error":null,"level":"error","msg":"userID: ","time":"2023-06-30T12:15:15+07:00"}
{"error":null,"level":"error","msg":"userID: ","time":"2023-06-30T12:15:15+07:00"}
{"error":null,"level":"error","msg":"userID: ","time":"2023-06-30T12:19:26+07:00"}
{"error":null,"level":"error","msg":"userID: ","time":"2023-06-30T12:21:12+07:00"}
{"error":null,"level":"error","msg":"userID: ","time":"2023-06-30T12:21:12+07:00"}
{"error":null,"level":"error","msg":"userID: ","time":"2023-06-30T12:21:25+07:00"}
{"level":"info","msg":"Toko Makanan Sehat Has Login","time":"2023-06-30T12:21:25+07:00"}
{"level":"info","msg":"Toko Makanan Sehat Has Logout","time":"2023-06-30T12:21:31+07:00"}
{"error":null,"level":"error","msg":"userID: ","time":"2023-06-30T12:21:49+07:00"}
{"error":null,"level":"error","msg":"userID: ","time":"2023-06-30T12:22:42+07:00"}
{"level":"info","msg":"Vanneeza Has Login","time":"2023-06-30T12:22:42+07:00"}
{"level":"info","msg":"Vanneeza Has Logout","time":"2023-06-30T12:22:48+07:00"}
{"error":null,"level":"error","msg":"userID: ","time":"2023-06-30T12:22:56+07:00"}
{"error":null,"level":"error","msg":"userID: ","time":"2023-06-30T12:22:56+07:00"}
{"error":null,"level":"error","msg":"userID: ","time":"2023-06-30T12:23:24+07:00"}
{"error":null,"level":"error","msg":"userID: ","time":"2023-06-30T12:23:30+07:00"}
{"level":"info","msg":"Toko Makanan Sehat Has Login","time":"2023-06-30T12:23:30+07:00"}
{"level":"info","msg":"Toko Makanan Sehat Has Logout","time":"2023-06-30T12:23:36+07:00"}
{"error":null,"level":"error","msg":"userID: ","time":"2023-06-30T12:28:42+07:00"}
{"error":null,"level":"error","msg":"userID: ","time":"2023-06-30T12:28:42+07:00"}
{"error":null,"level":"error","msg":"userID: ","time":"2023-06-30T12:34:33+07:00"}
{"error":null,"level":"error","msg":"userID: ","time":"2023-06-30T12:34:33+07:00"}
{"error":null,"level":"error","msg":"userID: ","time":"2023-06-30T12:34:43+07:00"}
{"error":null,"level":"error","msg":"userID: ","time":"2023-06-30T12:34:51+07:00"}
{"level":"info","msg":"Vanneeza Has Login","time":"2023-06-30T12:34:51+07:00"}
{"level":"info","msg":"Vanneeza Has Logout","time":"2023-06-30T12:34:54+07:00"}
{"error":null,"level":"error","msg":"userID: ","time":"2023-06-30T12:35:06+07:00"}
{"level":"info","msg":"Toko Makanan Sehat Has Login","time":"2023-06-30T12:35:06+07:00"}
{"level":"info","msg":"Toko Makanan Sehat Has Logout","time":"2023-06-30T12:35:09+07:00"}
{"error":null,"level":"error","msg":"userID: ","time":"2023-06-30T12:35:14+07:00"}
{"error":null,"level":"error","msg":"userID: ","time":"2023-06-30T12:35:14+07:00"}
{"error":null,"level":"error","msg":"userID: ","time":"2023-06-30T12:37:29+07:00"}
{"level":"info","msg":"Toko Makanan Sehat Has Login","time":"2023-06-30T12:37:29+07:00"}
{"level":"info","msg":"Toko Makanan Sehat Has Logout","time":"2023-06-30T12:38:18+07:00"}
{"error":null,"level":"error","msg":"userID: ","time":"2023-06-30T12:38:24+07:00"}
{"error":null,"level":"error","msg":"userID: ","time":"2023-06-30T12:38:24+07:00"}
{"error":null,"level":"error","msg":"userID: ","time":"2023-06-30T12:44:56+07:00"}
{"error":null,"level":"error","msg":"userID: ","time":"2023-06-30T12:44:56+07:00"}
{"error":null,"level":"error","msg":"userID: ","time":"2023-06-30T12:45:42+07:00"}
{"error":null,"level":"error","msg":"userID: ","time":"2023-06-30T12:45:42+07:00"}
{"error":"customer is not found","level":"error","msg":"failed to login","time":"2023-06-30T12:45:42+07:00"}
{"error":null,"level":"error","msg":"userID: ","time":"2023-06-30T12:46:41+07:00"}
{"error":null,"level":"error","msg":"userID: ","time":"2023-06-30T12:46:41+07:00"}
{"error":"customer is not found","level":"error","msg":"failed to login","time":"2023-06-30T12:46:41+07:00"}
{"error":null,"level":"error","msg":"userID: ","time":"2023-06-30T12:47:51+07:00"}
{"error":null,"level":"error","msg":"userID: ","time":"2023-06-30T12:47:51+07:00"}
{"error":"user not found","level":"error","msg":"failed to login","time":"2023-06-30T12:47:51+07:00"}
{"error":null,"level":"error","msg":"userID: ","time":"2023-06-30T12:48:51+07:00"}
{"level":"info","msg":"Toko Minuman Jahe Has Login","time":"2023-06-30T12:48:51+07:00"}
{"level":"info","msg":"Toko Minuman Jahe Has Logout","time":"2023-06-30T12:48:55+07:00"}
{"error":null,"level":"error","msg":"userID: ","time":"2023-06-30T12:49:23+07:00"}
{"error":null,"level":"error","msg":"userID: ","time":"2023-06-30T12:49:33+07:00"}
{"level":"info","msg":"Billa Has Login","time":"2023-06-30T12:49:33+07:00"}
{"level":"info","msg":"Billa Has Logout","time":"2023-06-30T12:49:36+07:00"}
{"error":null,"level":"error","msg":"userID: ","time":"2023-06-30T12:49:39+07:00"}
{"level":"info","msg":"Billa Has Login","time":"2023-06-30T12:49:39+07:00"}
{"level":"info","msg":"Billa Has Logout","time":"2023-06-30T12:49:44+07:00"}
{"error":null,"level":"error","msg":"userID: ","time":"2023-06-30T12:49:50+07:00"}
{"error":null,"level":"error","msg":"userID: ","time":"2023-06-30T12:49:50+07:00"}
{"error":"user not found","level":"error","msg":"failed to login","time":"2023-06-30T12:49:50+07:00"}
